<?xml version="1.0" ?><testsuite name="com.example.weblab3.beans.SVGBeanTest" time="0.003" timestamp="2024-04-04T12:24:41" tests="3" failures="0" skipped="0" aborted="0"><properties><property name="build.test.dir" value="./build/test"></property><property name="ant.library.dir" value="/opt/homebrew/Cellar/ant/1.10.14/libexec/lib"></property><property name="java.specification.version" value="21"></property><property name="ant.project.name" value="web-lab3"></property><property name="build.war" value="./build/libs/web-lab3-1.0-SNAPSHOT.war"></property><property name="ant.file.web-lab3" value="/Users/niik/IdeaProjects/web-lab3/build.xml"></property><property name="team.dir" value="./team_folder"></property><property name="sun.jnu.encoding" value="UTF-8"></property><property name="project.web.dir" value="./src/main/webapp"></property><property name="alt.area.naming" value="Place"></property><property name="sun.arch.data.model" value="64"></property><property name="alt.bean.naming" value="Bob"></property><property name="java.vendor.url" value="https://github.com/Homebrew/homebrew-core/issues"></property><property name="DSTAMP" value="20240404"></property><property name="sun.boot.library.path" value="/opt/homebrew/Cellar/openjdk/21.0.2/libexec/openjdk.jdk/Contents/Home/lib"></property><property name="alt.user.naming" value="Enjoyer"></property><property name="sun.java.command" value="org.apache.tools.ant.launch.Launcher -cp  -lib /opt/homebrew/share/ant report"></property><property name="scp.dir" value="opi_lab3"></property><property name="jdk.debug" value="release"></property><property name="java.specification.vendor" value="Oracle Corporation"></property><property name="java.version.date" value="2024-01-16"></property><property name="java.home" value="/opt/homebrew/Cellar/openjdk/21.0.2/libexec/openjdk.jdk/Contents/Home"></property><property name="basedir" value="/Users/niik/IdeaProjects/web-lab3"></property><property name="file.separator" value="/"></property><property name="java.vm.compressedOopsMode" value="Zero based"></property><property name="line.separator" value="
"></property><property name="java.vm.specification.vendor" value="Oracle Corporation"></property><property name="java.specification.name" value="Java Platform API Specification"></property><property name="vcs.svn.checkout.dir" value="svnRepo/mainDir"></property><property name="sun.management.compiler" value="HotSpot 64-Bit Tiered Compilers"></property><property name="java.runtime.version" value="21.0.2"></property><property name="user.name" value="niik"></property><property name="src.temp.dir" value="./tempsrc"></property><property name="build.classes.dir" value="./build/classes"></property><property name="src.user.naming" value="User"></property><property name="file.encoding" value="UTF-8"></property><property name="ascii.dir" value="./src/main/resources/ascii"></property><property name="java.vendor.version" value="Homebrew"></property><property name="timestamp" value="04.04.2024_03:24_PM"></property><property name="build.dir" value="./build"></property><property name="java.io.tmpdir" value="/var/folders/cy/swmd_wc57gx46zx3s7vj09lr0000gn/T/"></property><property name="java.version" value="21.0.2"></property><property name="team.zip" value="./team_folder/here4versions.zip"></property><property name="java.vm.specification.name" value="Java Virtual Machine Specification"></property><property name="ant.home" value="/opt/homebrew/Cellar/ant/1.10.14/libexec"></property><property name="native.encoding" value="UTF-8"></property><property name="ant.version" value="Apache Ant(TM) version 1.10.14 compiled on August 16 2023"></property><property name="java.library.path" value="/Users/niik/Library/Java/Extensions:/Library/Java/Extensions:/Network/Library/Java/Extensions:/System/Library/Java/Extensions:/usr/lib/java:."></property><property name="java.vendor" value="Homebrew"></property><property name="stderr.encoding" value="UTF-8"></property><property name="sun.io.unicode.encoding" value="UnicodeBig"></property><property name="vcs.svn.repo.dir" value="svnRepo"></property><property name="vcs.git.diff_classes" value="./src/main/java"></property><property name="project.code.dir" value="./src/main/java"></property><property name="ant.file.type" value="file"></property><property name="scp.port" value="2222"></property><property name="java.class.path" value="/opt/homebrew/Cellar/ant/1.10.14/libexec/lib/ant-launcher.jar:/opt/homebrew/share/ant:/opt/homebrew/Cellar/ant/1.10.14/libexec/lib/ant-commons-net.jar:/opt/homebrew/Cellar/ant/1.10.14/libexec/lib/ant-xz.jar:/opt/homebrew/Cellar/ant/1.10.14/libexec/lib/ant-junit4.jar:/opt/homebrew/Cellar/ant/1.10.14/libexec/lib/bcel-6.7.0.jar:/opt/homebrew/Cellar/ant/1.10.14/libexec/lib/ant-jai.jar:/opt/homebrew/Cellar/ant/1.10.14/libexec/lib/ant-apache-resolver.jar:/opt/homebrew/Cellar/ant/1.10.14/libexec/lib/ant-jdepend.jar:/opt/homebrew/Cellar/ant/1.10.14/libexec/lib/ant-apache-regexp.jar:/opt/homebrew/Cellar/ant/1.10.14/libexec/lib/ant-apache-log4j.jar:/opt/homebrew/Cellar/ant/1.10.14/libexec/lib/ant-javamail.jar:/opt/homebrew/Cellar/ant/1.10.14/libexec/lib/ant-apache-bcel.jar:/opt/homebrew/Cellar/ant/1.10.14/libexec/lib/ant.jar:/opt/homebrew/Cellar/ant/1.10.14/libexec/lib/ant-netrexx.jar:/opt/homebrew/Cellar/ant/1.10.14/libexec/lib/ant-swing.jar:/opt/homebrew/Cellar/ant/1.10.14/libexec/lib/ant-jsch.jar:/opt/homebrew/Cellar/ant/1.10.14/libexec/lib/ant-junitlauncher.jar:/opt/homebrew/Cellar/ant/1.10.14/libexec/lib/ivy-2.5.1.jar:/opt/homebrew/Cellar/ant/1.10.14/libexec/lib/ant-jakartamail.jar:/opt/homebrew/Cellar/ant/1.10.14/libexec/lib/ant-junit.jar:/opt/homebrew/Cellar/ant/1.10.14/libexec/lib/ant-imageio.jar:/opt/homebrew/Cellar/ant/1.10.14/libexec/lib/ant-launcher.jar:/opt/homebrew/Cellar/ant/1.10.14/libexec/lib/ant-antlr.jar:/opt/homebrew/Cellar/ant/1.10.14/libexec/lib/ant-contrib-1.0b3.jar:/opt/homebrew/Cellar/ant/1.10.14/libexec/lib/ant-testutil.jar:/opt/homebrew/Cellar/ant/1.10.14/libexec/lib/ant-apache-oro.jar:/opt/homebrew/Cellar/ant/1.10.14/libexec/lib/jsch-0.1.54.jar:/opt/homebrew/Cellar/ant/1.10.14/libexec/lib/ant-jmf.jar:/opt/homebrew/Cellar/ant/1.10.14/libexec/lib/ant-apache-xalan2.jar:/opt/homebrew/Cellar/ant/1.10.14/libexec/lib/ant-apache-bsf.jar:/opt/homebrew/Cellar/ant/1.10.14/libexec/lib/ant-commons-logging.jar"></property><property name="java.vm.vendor" value="Homebrew"></property><property name="music.wav" value="./Niik_Time_Again_mastered.wav"></property><property name="os.name" value="Mac OS X"></property><property name="java.vm.specification.version" value="21"></property><property name="build.docs.dir" value="./build/docs"></property><property name="scp.password" value="wnms=4891"></property><property name="i18n.dir" value="./src/main/resources/i18n"></property><property name="sun.java.launcher" value="SUN_STANDARD"></property><property name="user.country" value="RU"></property><property name="test.dir" value="./src/test/java"></property><property name="sun.cpu.endian" value="little"></property><property name="user.home" value="/Users/niik"></property><property name="user.language" value="en"></property><property name="ext.libs.dir" value="./extlibs"></property><property name="team.war" value="./team_folder/web-lab3-1.0-SNAPSHOT.war"></property><property name="jvm.params" value="-Xmx256m"></property><property name="ant.java.version" value="21"></property><property name="test.results.dir" value="./src/test/results"></property><property name="project.web.xml" value="./src/main/webapp/WEB-INF/web.xml"></property><property name="apple.awt.application.name" value="Launcher"></property><property name="scp.host" value="se.ifmo.ru"></property><property name="checksums.md5.file" value="./checksums/md5.txt"></property><property name="TSTAMP" value="1524"></property><property name="src.bean.naming" value="Bean"></property><property name="src.area.naming" value="Area"></property><property name="ant.file" value="/Users/niik/IdeaProjects/web-lab3/build.xml"></property><property name="stdout.encoding" value="UTF-8"></property><property name="path.separator" value=":"></property><property name="checksums.sha1.file" value="./checksums/sha1.txt"></property><property name="os.version" value="14.4.1"></property><property name="java.runtime.name" value="OpenJDK Runtime Environment"></property><property name="project.dir" value="."></property><property name="ant.project.invoked-targets" value="report"></property><property name="scp.user" value="s368311"></property><property name="java.vm.name" value="OpenJDK 64-Bit Server VM"></property><property name="ant.core.lib" value="/opt/homebrew/Cellar/ant/1.10.14/libexec/lib/ant.jar"></property><property name="java.vendor.url.bug" value="https://github.com/Homebrew/homebrew-core/issues"></property><property name="ant.file.type.web-lab3" value="file"></property><property name="TODAY" value="April 4 2024"></property><property name="user.dir" value="/Users/niik/IdeaProjects/web-lab3"></property><property name="os.arch" value="aarch64"></property><property name="message" value=""></property><property name="checksums.dir" value="./checksums"></property><property name="java.vm.info" value="mixed mode, sharing"></property><property name="java.vm.version" value="21.0.2"></property><property name="build.jar" value="./build/libs/web-lab3-1.0-SNAPSHOT.jar"></property><property name="java.class.version" value="65.0"></property><property name="src.dir" value="./src"></property></properties><testcase classname="com.example.weblab3.beans.SVGBeanTest" name="testSVGStringUpdatedAfterHit()" time="0.0"></testcase><testcase classname="com.example.weblab3.beans.SVGBeanTest" name="testSVGStringInitialized()" time="0.001"></testcase><testcase classname="com.example.weblab3.beans.SVGBeanTest" name="testSVGStringCanBeUpdated()" time="0.0"></testcase><system-out>&lt;svg id="graphSVG" xmlns:xlink="http://www.w3.org/1999/xlink" xmlns="http://www.w3.org/2000/svg" width="400" height="400"&gt;
      &lt;!-- Scopes --&gt;
      &lt;polygon class="figure" points="200,200 200,150 300,200" fill="#ADD8E6" /&gt;
      &lt;rect class="figure" x="200" y="200" width="100" height="50" fill="#ADD8E6" /&gt;
      &lt;circle class="figure" cx="200" cy="200" r="100" fill="#ADD8E6" mask="url(#mask)" /&gt;
      &lt;mask id="mask"&gt;
        &lt;rect x="0" y="0" width="200" height="200" fill="#FFFFFF" /&gt;
      &lt;/mask&gt;

      &lt;!-- X-axis --&gt;
      &lt;line x1="50" y1="200" x2="350" y2="200" stroke="#000000" stroke-width="2px" /&gt;

      &lt;!-- Y-axis --&gt;
      &lt;line x1="200" y1="50" x2="200" y2="350" stroke="#000000" stroke-width="2px" /&gt;

      &lt;!-- X-axis arrow --&gt;
      &lt;polygon points="350,200 340,190 340,210" fill="black" /&gt;

      &lt;!-- Y-axis arrow --&gt;
      &lt;polygon points="200,50 190,60 210,60" fill="black" /&gt;

      &lt;!-- X-axis labels --&gt;
      &lt;circle cx="100" cy="200" r="3" fill="black" /&gt;

      &lt;text x="100" y="220" text-anchor="middle" class="r-minus-label"&gt; -R &lt;/text&gt;

      &lt;circle cx="150" cy="200" r="3" fill="black" /&gt;
      &lt;text x="150" y="220" text-anchor="middle" class="r-half-minus-label"&gt; -R/2 &lt;/text&gt;

      &lt;circle cx="250" cy="200" r="3" fill="black" /&gt;
      &lt;text x="250" y="220" text-anchor="middle" class="r-half-label"&gt; R/2 &lt;/text&gt;

      &lt;circle cx="300" cy="200" r="3" fill="black" /&gt;
      &lt;text x="300" y="220" text-anchor="middle" class="r-label"&gt; R &lt;/text&gt;

      &lt;text x="344" y="230" text-anchor="middle"&gt;X&lt;/text&gt;

      &lt;!-- Y-axis labels --&gt;
      &lt;circle cx="200" cy="100" r="3" fill="black" /&gt;
      &lt;text x="180" y="104" text-anchor="middle" class="r-label"&gt; R &lt;/text&gt;

      &lt;circle cx="200" cy="150" r="3" fill="black" /&gt;
      &lt;text x="180" y="154" text-anchor="middle" class="r-half-label"&gt; R/2 &lt;/text&gt;

      &lt;circle cx="200" cy="300" r="3" fill="black" /&gt;
      &lt;text x="180" y="254" text-anchor="middle" class="r-half-minus-label"&gt; -R/2 &lt;/text&gt;

      &lt;circle cx="200" cy="250" r="3" fill="black" /&gt;
      &lt;text x="180" y="304" text-anchor="middle" class="r-minus-label"&gt; -R &lt;/text&gt;

      &lt;text x="180" y="60" text-anchor="middle"&gt;Y&lt;/text&gt;

      &lt;!-- Hit point --&gt;

      &lt;circle cx="200" cy="200" r="3" fill="#FF0000" id="point" /&gt;

&lt;/svg&gt;
&lt;circle cx="300.0" cy="100.0" r="1.0" fill="#FF0000" id="point" /&gt;
</system-out></testsuite>