<?xml version="1.0" ?><testsuite name="com.example.weblab3.dbUtils.HibernateUtilsTest" time="0.002" timestamp="2024-04-04T12:24:42" tests="2" failures="2" skipped="0" aborted="0"><properties><property name="build.test.dir" value="./build/test"></property><property name="ant.library.dir" value="/opt/homebrew/Cellar/ant/1.10.14/libexec/lib"></property><property name="java.specification.version" value="21"></property><property name="ant.project.name" value="web-lab3"></property><property name="build.war" value="./build/libs/web-lab3-1.0-SNAPSHOT.war"></property><property name="ant.file.web-lab3" value="/Users/niik/IdeaProjects/web-lab3/build.xml"></property><property name="team.dir" value="./team_folder"></property><property name="sun.jnu.encoding" value="UTF-8"></property><property name="project.web.dir" value="./src/main/webapp"></property><property name="alt.area.naming" value="Place"></property><property name="sun.arch.data.model" value="64"></property><property name="alt.bean.naming" value="Bob"></property><property name="java.vendor.url" value="https://github.com/Homebrew/homebrew-core/issues"></property><property name="DSTAMP" value="20240404"></property><property name="sun.boot.library.path" value="/opt/homebrew/Cellar/openjdk/21.0.2/libexec/openjdk.jdk/Contents/Home/lib"></property><property name="alt.user.naming" value="Enjoyer"></property><property name="sun.java.command" value="org.apache.tools.ant.launch.Launcher -cp  -lib /opt/homebrew/share/ant report"></property><property name="scp.dir" value="opi_lab3"></property><property name="jdk.debug" value="release"></property><property name="java.specification.vendor" value="Oracle Corporation"></property><property name="java.version.date" value="2024-01-16"></property><property name="java.home" value="/opt/homebrew/Cellar/openjdk/21.0.2/libexec/openjdk.jdk/Contents/Home"></property><property name="basedir" value="/Users/niik/IdeaProjects/web-lab3"></property><property name="file.separator" value="/"></property><property name="java.vm.compressedOopsMode" value="Zero based"></property><property name="line.separator" value="
"></property><property name="java.vm.specification.vendor" value="Oracle Corporation"></property><property name="java.specification.name" value="Java Platform API Specification"></property><property name="vcs.svn.checkout.dir" value="svnRepo/mainDir"></property><property name="sun.management.compiler" value="HotSpot 64-Bit Tiered Compilers"></property><property name="java.runtime.version" value="21.0.2"></property><property name="user.name" value="niik"></property><property name="src.temp.dir" value="./tempsrc"></property><property name="build.classes.dir" value="./build/classes"></property><property name="src.user.naming" value="User"></property><property name="file.encoding" value="UTF-8"></property><property name="ascii.dir" value="./src/main/resources/ascii"></property><property name="java.vendor.version" value="Homebrew"></property><property name="timestamp" value="04.04.2024_03:24_PM"></property><property name="build.dir" value="./build"></property><property name="java.io.tmpdir" value="/var/folders/cy/swmd_wc57gx46zx3s7vj09lr0000gn/T/"></property><property name="java.version" value="21.0.2"></property><property name="team.zip" value="./team_folder/here4versions.zip"></property><property name="java.vm.specification.name" value="Java Virtual Machine Specification"></property><property name="ant.home" value="/opt/homebrew/Cellar/ant/1.10.14/libexec"></property><property name="native.encoding" value="UTF-8"></property><property name="ant.version" value="Apache Ant(TM) version 1.10.14 compiled on August 16 2023"></property><property name="java.library.path" value="/Users/niik/Library/Java/Extensions:/Library/Java/Extensions:/Network/Library/Java/Extensions:/System/Library/Java/Extensions:/usr/lib/java:."></property><property name="java.vendor" value="Homebrew"></property><property name="stderr.encoding" value="UTF-8"></property><property name="sun.io.unicode.encoding" value="UnicodeBig"></property><property name="vcs.svn.repo.dir" value="svnRepo"></property><property name="vcs.git.diff_classes" value="./src/main/java"></property><property name="project.code.dir" value="./src/main/java"></property><property name="ant.file.type" value="file"></property><property name="scp.port" value="2222"></property><property name="java.class.path" value="/opt/homebrew/Cellar/ant/1.10.14/libexec/lib/ant-launcher.jar:/opt/homebrew/share/ant:/opt/homebrew/Cellar/ant/1.10.14/libexec/lib/ant-commons-net.jar:/opt/homebrew/Cellar/ant/1.10.14/libexec/lib/ant-xz.jar:/opt/homebrew/Cellar/ant/1.10.14/libexec/lib/ant-junit4.jar:/opt/homebrew/Cellar/ant/1.10.14/libexec/lib/bcel-6.7.0.jar:/opt/homebrew/Cellar/ant/1.10.14/libexec/lib/ant-jai.jar:/opt/homebrew/Cellar/ant/1.10.14/libexec/lib/ant-apache-resolver.jar:/opt/homebrew/Cellar/ant/1.10.14/libexec/lib/ant-jdepend.jar:/opt/homebrew/Cellar/ant/1.10.14/libexec/lib/ant-apache-regexp.jar:/opt/homebrew/Cellar/ant/1.10.14/libexec/lib/ant-apache-log4j.jar:/opt/homebrew/Cellar/ant/1.10.14/libexec/lib/ant-javamail.jar:/opt/homebrew/Cellar/ant/1.10.14/libexec/lib/ant-apache-bcel.jar:/opt/homebrew/Cellar/ant/1.10.14/libexec/lib/ant.jar:/opt/homebrew/Cellar/ant/1.10.14/libexec/lib/ant-netrexx.jar:/opt/homebrew/Cellar/ant/1.10.14/libexec/lib/ant-swing.jar:/opt/homebrew/Cellar/ant/1.10.14/libexec/lib/ant-jsch.jar:/opt/homebrew/Cellar/ant/1.10.14/libexec/lib/ant-junitlauncher.jar:/opt/homebrew/Cellar/ant/1.10.14/libexec/lib/ivy-2.5.1.jar:/opt/homebrew/Cellar/ant/1.10.14/libexec/lib/ant-jakartamail.jar:/opt/homebrew/Cellar/ant/1.10.14/libexec/lib/ant-junit.jar:/opt/homebrew/Cellar/ant/1.10.14/libexec/lib/ant-imageio.jar:/opt/homebrew/Cellar/ant/1.10.14/libexec/lib/ant-launcher.jar:/opt/homebrew/Cellar/ant/1.10.14/libexec/lib/ant-antlr.jar:/opt/homebrew/Cellar/ant/1.10.14/libexec/lib/ant-contrib-1.0b3.jar:/opt/homebrew/Cellar/ant/1.10.14/libexec/lib/ant-testutil.jar:/opt/homebrew/Cellar/ant/1.10.14/libexec/lib/ant-apache-oro.jar:/opt/homebrew/Cellar/ant/1.10.14/libexec/lib/jsch-0.1.54.jar:/opt/homebrew/Cellar/ant/1.10.14/libexec/lib/ant-jmf.jar:/opt/homebrew/Cellar/ant/1.10.14/libexec/lib/ant-apache-xalan2.jar:/opt/homebrew/Cellar/ant/1.10.14/libexec/lib/ant-apache-bsf.jar:/opt/homebrew/Cellar/ant/1.10.14/libexec/lib/ant-commons-logging.jar"></property><property name="java.vm.vendor" value="Homebrew"></property><property name="music.wav" value="./Niik_Time_Again_mastered.wav"></property><property name="os.name" value="Mac OS X"></property><property name="java.vm.specification.version" value="21"></property><property name="build.docs.dir" value="./build/docs"></property><property name="scp.password" value="wnms=4891"></property><property name="i18n.dir" value="./src/main/resources/i18n"></property><property name="sun.java.launcher" value="SUN_STANDARD"></property><property name="user.country" value="RU"></property><property name="test.dir" value="./src/test/java"></property><property name="sun.cpu.endian" value="little"></property><property name="user.home" value="/Users/niik"></property><property name="user.language" value="en"></property><property name="ext.libs.dir" value="./extlibs"></property><property name="team.war" value="./team_folder/web-lab3-1.0-SNAPSHOT.war"></property><property name="jvm.params" value="-Xmx256m"></property><property name="ant.java.version" value="21"></property><property name="test.results.dir" value="./src/test/results"></property><property name="project.web.xml" value="./src/main/webapp/WEB-INF/web.xml"></property><property name="apple.awt.application.name" value="Launcher"></property><property name="scp.host" value="se.ifmo.ru"></property><property name="checksums.md5.file" value="./checksums/md5.txt"></property><property name="TSTAMP" value="1524"></property><property name="src.bean.naming" value="Bean"></property><property name="src.area.naming" value="Area"></property><property name="ant.file" value="/Users/niik/IdeaProjects/web-lab3/build.xml"></property><property name="stdout.encoding" value="UTF-8"></property><property name="path.separator" value=":"></property><property name="checksums.sha1.file" value="./checksums/sha1.txt"></property><property name="os.version" value="14.4.1"></property><property name="java.runtime.name" value="OpenJDK Runtime Environment"></property><property name="project.dir" value="."></property><property name="ant.project.invoked-targets" value="report"></property><property name="scp.user" value="s368311"></property><property name="java.vm.name" value="OpenJDK 64-Bit Server VM"></property><property name="ant.core.lib" value="/opt/homebrew/Cellar/ant/1.10.14/libexec/lib/ant.jar"></property><property name="java.vendor.url.bug" value="https://github.com/Homebrew/homebrew-core/issues"></property><property name="ant.file.type.web-lab3" value="file"></property><property name="TODAY" value="April 4 2024"></property><property name="user.dir" value="/Users/niik/IdeaProjects/web-lab3"></property><property name="os.arch" value="aarch64"></property><property name="message" value=""></property><property name="checksums.dir" value="./checksums"></property><property name="java.vm.info" value="mixed mode, sharing"></property><property name="java.vm.version" value="21.0.2"></property><property name="build.jar" value="./build/libs/web-lab3-1.0-SNAPSHOT.jar"></property><property name="java.class.version" value="65.0"></property><property name="src.dir" value="./src"></property></properties><testcase classname="com.example.weblab3.dbUtils.HibernateUtilsTest" name="testSessionFactoryOpensSession()" time="0.001"><failure message="Could not initialize class com.example.weblab3.dbUtils.HibernateUtils" type="java.lang.NoClassDefFoundError"><![CDATA[java.lang.NoClassDefFoundError: Could not initialize class com.example.weblab3.dbUtils.HibernateUtils
	at com.example.weblab3.dbUtils.HibernateUtilsTest.testSessionFactoryOpensSession(HibernateUtilsTest.java:19)
	at java.base/java.lang.reflect.Method.invoke(Method.java:580)
	at java.base/java.util.ArrayList.forEach(ArrayList.java:1596)
	at java.base/java.util.ArrayList.forEach(ArrayList.java:1596)
Caused by: java.lang.ExceptionInInitializerError: Exception java.lang.ExceptionInInitializerError [in thread "main"]
	at com.example.weblab3.dbUtils.HibernateUtils.<clinit>(HibernateUtils.java:22)
	at com.example.weblab3.dbUtils.CheckAreaDAOImpl.getAllResults(CheckAreaDAOImpl.java:73)
	at com.example.weblab3.beans.ResultManager.<init>(ResultManager.java:23)
	at com.example.weblab3.beans.ResultManagerTest.testAddResults(ResultManagerTest.java:17)
	... 3 more
]]></failure></testcase><testcase classname="com.example.weblab3.dbUtils.HibernateUtilsTest" name="testSessionFactoryInitialized()" time="0.0"><failure message="Could not initialize class com.example.weblab3.dbUtils.HibernateUtils" type="java.lang.NoClassDefFoundError"><![CDATA[java.lang.NoClassDefFoundError: Could not initialize class com.example.weblab3.dbUtils.HibernateUtils
	at com.example.weblab3.dbUtils.HibernateUtilsTest.testSessionFactoryInitialized(HibernateUtilsTest.java:13)
	at java.base/java.lang.reflect.Method.invoke(Method.java:580)
	at java.base/java.util.ArrayList.forEach(ArrayList.java:1596)
	at java.base/java.util.ArrayList.forEach(ArrayList.java:1596)
Caused by: java.lang.ExceptionInInitializerError: Exception java.lang.ExceptionInInitializerError [in thread "main"]
	at com.example.weblab3.dbUtils.HibernateUtils.<clinit>(HibernateUtils.java:22)
	at com.example.weblab3.dbUtils.CheckAreaDAOImpl.getAllResults(CheckAreaDAOImpl.java:73)
	at com.example.weblab3.beans.ResultManager.<init>(ResultManager.java:23)
	at com.example.weblab3.beans.ResultManagerTest.testAddResults(ResultManagerTest.java:17)
	... 3 more
]]></failure></testcase></testsuite>